TN:
SF:/home/jefft/sekha/workspace/sekha-controller/src/api/dto.rs
FN:50,default_limit
FNF:1
FNDA:0,default_limit
DA:50,0
DA:51,0
LF:2
LH:0
end_of_record
TN:
SF:/home/jefft/sekha/workspace/sekha-controller/src/api/mcp.rs
FN:22,auth_middleware
FN:101,memory_store
FN:173,default_limit
FN:177,memory_search
FN:241,memory_update
FN:301,default_threshold_days
FN:305,default_importance_threshold
FN:321,memory_prune
FN:387,memory_get_context
FN:429,default_true
FN:433,memory_export
FN:499,memory_stats
FN:606,create_mcp_router
FNF:13
FNDA:0,auth_middleware
FNDA:39,memory_store
FNDA:0,default_limit
FNDA:6,memory_search
FNDA:9,memory_update
FNDA:0,default_threshold_days
FNDA:3,default_importance_threshold
FNDA:6,memory_prune
FNDA:6,memory_get_context
FNDA:6,default_true
FNDA:6,memory_export
FNDA:9,memory_stats
FNDA:48,create_mcp_router
DA:22,0
DA:29,0
DA:31,0
DA:32,0
DA:33,0
DA:37,0
DA:38,0
DA:39,0
DA:40,0
DA:42,0
DA:46,0
DA:49,0
DA:50,0
DA:54,0
DA:101,39
DA:106,78
DA:107,117
DA:109,117
DA:110,273
DA:113,117
DA:114,39
DA:116,39
DA:117,39
DA:118,39
DA:119,39
DA:120,39
DA:126,78
DA:127,117
DA:128,117
DA:129,117
DA:130,78
DA:132,78
DA:139,78
DA:140,78
DA:141,39
DA:142,39
DA:143,39
DA:144,0
DA:145,0
DA:148,39
DA:149,39
DA:150,78
DA:151,156
DA:152,78
DA:153,39
DA:154,39
DA:156,39
DA:173,0
DA:174,0
DA:177,6
DA:182,12
DA:183,12
DA:186,18
DA:187,12
DA:188,18
DA:189,6
DA:190,6
DA:191,0
DA:192,0
DA:196,18
DA:198,6
DA:199,0
DA:200,0
DA:201,0
DA:202,0
DA:203,0
DA:204,0
DA:205,0
DA:206,0
DA:207,0
DA:212,18
DA:214,6
DA:215,6
DA:216,12
DA:217,12
DA:218,12
DA:219,6
DA:220,6
DA:222,6
DA:241,9
DA:247,21
DA:248,18
DA:249,9
DA:250,9
DA:251,9
DA:252,15
DA:254,6
DA:257,6
DA:258,15
DA:259,15
DA:261,6
DA:262,6
DA:263,9
DA:264,3
DA:265,3
DA:267,6
DA:271,6
DA:272,0
DA:274,6
DA:275,0
DA:280,3
DA:281,3
DA:282,6
DA:283,6
DA:284,3
DA:285,3
DA:287,3
DA:301,0
DA:302,0
DA:305,3
DA:306,3
DA:321,6
DA:330,12
DA:331,30
DA:334,24
DA:337,18
DA:338,18
DA:339,6
DA:340,6
DA:341,0
DA:342,0
DA:346,18
DA:348,6
DA:349,0
DA:350,0
DA:351,0
DA:352,0
DA:353,0
DA:354,0
DA:355,0
DA:356,0
DA:360,18
DA:361,18
DA:363,6
DA:364,6
DA:367,6
DA:368,6
DA:369,12
DA:370,12
DA:371,12
DA:372,12
DA:373,6
DA:374,6
DA:376,6
DA:387,6
DA:392,18
DA:393,12
DA:394,6
DA:395,6
DA:396,6
DA:398,6
DA:399,6
DA:400,3
DA:401,6
DA:402,6
DA:403,6
DA:404,6
DA:405,6
DA:406,6
DA:407,6
DA:408,6
DA:409,12
DA:410,6
DA:412,3
DA:414,3
DA:429,6
DA:430,6
DA:433,6
DA:439,15
DA:440,12
DA:441,6
DA:442,6
DA:443,6
DA:444,9
DA:448,9
DA:449,6
DA:450,3
DA:451,3
DA:452,3
DA:453,0
DA:454,0
DA:457,9
DA:459,3
DA:460,3
DA:461,6
DA:462,6
DA:463,6
DA:464,6
DA:465,6
DA:466,6
DA:467,6
DA:468,6
DA:469,6
DA:470,12
DA:471,12
DA:473,6
DA:474,3
DA:475,3
DA:477,3
DA:499,9
DA:504,18
DA:506,3
DA:507,9
DA:508,6
DA:509,3
DA:510,3
DA:511,3
DA:512,0
DA:513,0
DA:516,6
DA:517,9
DA:518,9
DA:519,0
DA:521,12
DA:523,9
DA:526,3
DA:527,3
DA:528,3
DA:529,3
DA:534,0
DA:535,0
DA:536,0
DA:537,0
DA:538,0
DA:539,0
DA:540,0
DA:541,0
DA:544,0
DA:545,0
DA:546,0
DA:547,0
DA:549,0
DA:551,0
DA:554,0
DA:555,0
DA:556,0
DA:557,0
DA:563,18
DA:564,0
DA:565,0
DA:568,12
DA:569,12
DA:570,12
DA:571,6
DA:572,6
DA:573,6
DA:574,0
DA:575,0
DA:578,12
DA:579,6
DA:580,12
DA:581,3
DA:583,12
DA:585,6
DA:588,6
DA:589,6
DA:590,6
DA:591,6
DA:596,0
DA:597,0
DA:598,0
DA:599,0
DA:606,48
DA:607,48
DA:608,144
DA:609,144
DA:610,144
DA:611,144
DA:612,144
DA:613,144
DA:614,144
DA:615,96
LF:272
LH:198
end_of_record
TN:
SF:/home/jefft/sekha/workspace/sekha-controller/src/api/rate_limiter.rs
FN:26,RateLimiter::new
FN:34,RateLimiter::check_rate_limit
FN:65,RateLimiter::cleanup_expired
FN:75,rate_limit_middleware
FNF:4
FNDA:19,RateLimiter::new
FNDA:84,RateLimiter::check_rate_limit
FNDA:2,RateLimiter::cleanup_expired
FNDA:0,rate_limit_middleware
DA:26,19
DA:29,38
DA:34,84
DA:35,84
DA:36,84
DA:37,84
DA:39,84
DA:40,44
DA:42,44
DA:44,3
DA:45,3
DA:46,3
DA:47,19
DA:49,14
DA:50,14
DA:53,5
DA:58,60
DA:59,20
DA:65,2
DA:66,2
DA:67,2
DA:68,2
DA:70,5
DA:75,0
DA:81,0
DA:84,0
DA:85,0
DA:86,0
DA:87,0
DA:90,0
DA:92,0
DA:96,0
DA:97,0
LF:33
LH:23
end_of_record
TN:
SF:/home/jefft/sekha/workspace/sekha-controller/src/api/route.rs
FN:22,semantic_query
FN:49,create_router
FNF:2
FNDA:3,semantic_query
FNDA:9,create_router
DA:22,3
DA:29,9
DA:30,6
DA:31,6
DA:32,3
DA:33,9
DA:34,3
DA:35,3
DA:36,3
DA:40,6
DA:41,6
DA:42,6
DA:43,6
DA:44,3
DA:45,3
DA:49,9
DA:50,9
DA:51,27
DA:52,27
DA:53,27
DA:56,9
DA:58,27
DA:59,27
DA:60,27
DA:61,27
DA:62,27
DA:63,18
LF:27
LH:27
end_of_record
TN:
SF:/home/jefft/sekha/workspace/sekha-controller/src/api/routes.rs
FN:67,create_conversation
FN:145,get_conversation
FN:203,list_conversations
FN:280,update_conversation_label
FN:316,delete_conversation
FN:368,count_conversations
FN:421,semantic_query
FN:477,health
FN:518,metrics
FN:534,update_conversation_folder
FN:591,pin_conversation
FN:623,archive_conversation
FN:655,rebuild_embeddings
FN:676,full_text_search
FN:716,assemble_context
FN:747,generate_summary
FN:810,prune_dry_run
FN:858,prune_execute
FN:891,suggest_labels
FN:926,create_router
FNF:20
FNDA:84,create_conversation
FNDA:15,get_conversation
FNDA:9,list_conversations
FNDA:3,update_conversation_label
FNDA:9,delete_conversation
FNDA:6,count_conversations
FNDA:9,semantic_query
FNDA:6,health
FNDA:6,metrics
FNDA:6,update_conversation_folder
FNDA:3,pin_conversation
FNDA:3,archive_conversation
FNDA:3,rebuild_embeddings
FNDA:3,full_text_search
FNDA:9,assemble_context
FNDA:21,generate_summary
FNDA:18,prune_dry_run
FNDA:6,prune_execute
FNDA:12,suggest_labels
FNDA:126,create_router
DA:67,84
DA:72,168
DA:73,252
DA:75,636
DA:77,252
DA:78,84
DA:80,84
DA:81,108
DA:82,108
DA:83,108
DA:84,108
DA:88,252
DA:91,168
DA:92,252
DA:93,252
DA:94,252
DA:95,168
DA:97,168
DA:103,168
DA:104,168
DA:105,84
DA:106,84
DA:107,84
DA:109,0
DA:110,0
DA:111,0
DA:112,0
DA:117,84
DA:118,84
DA:119,168
DA:120,168
DA:121,168
DA:122,168
DA:123,168
DA:124,168
DA:125,84
DA:126,84
DA:145,15
DA:149,60
DA:151,0
DA:152,0
DA:153,0
DA:154,0
DA:159,15
DA:160,6
DA:161,18
DA:162,12
DA:163,6
DA:164,6
DA:166,6
DA:167,12
DA:168,12
DA:169,12
DA:170,12
DA:171,18
DA:172,6
DA:175,9
DA:176,9
DA:177,9
DA:178,9
DA:179,9
DA:203,9
DA:208,9
DA:209,27
DA:210,27
DA:211,18
DA:214,18
DA:215,21
DA:216,18
DA:218,15
DA:219,9
DA:221,15
DA:222,9
DA:224,15
DA:225,9
DA:227,27
DA:228,3
DA:230,12
DA:234,27
DA:235,18
DA:236,27
DA:237,9
DA:238,9
DA:240,18
DA:241,27
DA:242,9
DA:244,9
DA:245,15
DA:246,15
DA:248,30
DA:249,15
DA:250,15
DA:251,15
DA:252,15
DA:254,15
DA:255,15
DA:256,15
DA:260,9
DA:261,18
DA:262,36
DA:263,9
DA:264,9
DA:280,3
DA:285,6
DA:286,6
DA:287,9
DA:288,3
DA:289,3
DA:291,0
DA:292,0
DA:293,0
DA:294,0
DA:299,3
DA:316,9
DA:321,36
DA:323,0
DA:324,0
DA:325,0
DA:326,0
DA:331,18
DA:332,6
DA:333,6
DA:334,6
DA:335,6
DA:336,6
DA:341,9
DA:343,0
DA:344,0
DA:345,0
DA:346,0
DA:351,3
DA:368,6
DA:373,18
DA:374,18
DA:376,15
DA:377,9
DA:378,0
DA:379,0
DA:380,0
DA:381,0
DA:382,0
DA:383,0
DA:384,0
DA:385,0
DA:386,0
DA:387,0
DA:389,6
DA:390,3
DA:391,3
DA:395,3
DA:396,0
DA:397,0
DA:400,6
DA:401,6
DA:402,3
DA:403,3
DA:421,9
DA:425,9
DA:427,18
DA:428,27
DA:431,18
DA:432,9
DA:434,0
DA:438,27
DA:439,18
DA:440,27
DA:441,9
DA:442,9
DA:444,0
DA:445,0
DA:446,0
DA:447,0
DA:452,27
DA:454,9
DA:455,0
DA:456,0
DA:457,0
DA:458,0
DA:459,0
DA:460,0
DA:461,0
DA:462,0
DA:466,9
DA:467,18
DA:468,18
DA:469,9
DA:470,9
DA:477,6
DA:478,6
DA:479,3
DA:480,9
DA:481,3
DA:485,6
DA:486,15
DA:487,6
DA:488,0
DA:489,0
DA:490,0
DA:493,0
DA:494,0
DA:495,0
DA:500,6
DA:501,0
DA:502,6
DA:503,21
DA:504,6
DA:508,3
DA:509,0
DA:511,3
DA:518,6
DA:519,3
DA:534,6
DA:540,24
DA:542,0
DA:543,0
DA:544,0
DA:545,0
DA:550,12
DA:551,3
DA:552,3
DA:553,3
DA:554,3
DA:555,3
DA:560,6
DA:561,6
DA:562,9
DA:563,3
DA:564,3
DA:566,0
DA:567,0
DA:568,0
DA:569,0
DA:574,3
DA:591,3
DA:596,9
DA:598,0
DA:599,0
DA:600,0
DA:601,0
DA:606,3
DA:623,3
DA:627,6
DA:628,6
DA:629,6
DA:630,3
DA:631,3
DA:633,0
DA:634,0
DA:635,0
DA:636,0
DA:641,3
DA:655,3
DA:659,3
DA:660,0
DA:664,3
DA:676,3
DA:680,9
DA:681,6
DA:682,6
DA:683,3
DA:684,3
DA:686,0
DA:687,0
DA:688,0
DA:689,0
DA:694,9
DA:696,3
DA:697,3
DA:698,3
DA:716,9
DA:720,27
DA:721,18
DA:722,27
DA:723,9
DA:724,9
DA:726,0
DA:727,0
DA:728,0
DA:729,0
DA:734,9
DA:747,21
DA:751,33
DA:752,21
DA:753,18
DA:754,18
DA:755,9
DA:756,9
DA:758,12
DA:759,6
DA:760,6
DA:761,6
DA:762,6
DA:763,3
DA:765,9
DA:766,6
DA:767,6
DA:768,6
DA:769,6
DA:770,3
DA:773,6
DA:774,6
DA:775,6
DA:776,6
DA:777,6
DA:782,18
DA:784,3
DA:785,3
DA:786,3
DA:787,3
DA:792,12
DA:793,24
DA:794,24
DA:795,24
DA:796,12
DA:810,18
DA:814,54
DA:815,36
DA:816,18
DA:817,18
DA:818,18
DA:820,0
DA:821,0
DA:822,0
DA:823,0
DA:828,54
DA:831,18
DA:832,18
DA:833,18
DA:834,0
DA:835,0
DA:836,0
DA:837,0
DA:838,0
DA:839,0
DA:840,0
DA:841,0
DA:843,18
DA:844,18
DA:858,6
DA:862,18
DA:863,12
DA:864,12
DA:865,12
DA:866,6
DA:867,6
DA:869,0
DA:870,0
DA:871,0
DA:872,0
DA:878,6
DA:891,12
DA:895,33
DA:896,24
DA:897,12
DA:898,12
DA:899,15
DA:901,3
DA:902,3
DA:903,3
DA:904,3
DA:910,9
DA:911,9
DA:912,9
DA:913,9
DA:914,6
DA:915,6
DA:916,6
DA:917,6
DA:919,9
DA:926,126
DA:927,126
DA:928,378
DA:929,378
DA:930,378
DA:933,126
DA:937,126
DA:939,378
DA:942,126
DA:944,378
DA:945,378
DA:946,378
DA:947,378
DA:948,378
DA:949,378
DA:950,378
DA:951,378
DA:952,378
DA:953,378
DA:954,378
DA:955,378
DA:956,252
LF:391
LH:297
end_of_record
TN:
SF:/home/jefft/sekha/workspace/sekha-controller/src/auth.rs
FN:22,<impl FromRef for Arc<RwLock<Config>>>::from_ref
FN:31,<impl FromRequestParts for McpAuth>::from_request_parts
FNF:2
FNDA:0,<impl FromRef for Arc<RwLock<Config>>>::from_ref
FNDA:105,<impl FromRequestParts for McpAuth>::from_request_parts
DA:22,0
DA:23,0
DA:31,105
DA:36,201
DA:37,105
DA:39,393
DA:40,114
DA:41,18
DA:42,9
DA:44,18
DA:47,384
DA:48,6
DA:49,3
DA:51,6
DA:55,372
DA:57,177
DA:58,84
DA:59,84
DA:62,9
DA:63,9
DA:64,9
DA:66,9
LF:22
LH:20
end_of_record
TN:
SF:/home/jefft/sekha/workspace/sekha-controller/src/config.rs
FN:42,default_rate_limit
FN:46,default_cors_enabled
FN:51,Config::load
FN:83,Config::get_rest_api_key
FN:90,Config::get_all_api_keys
FN:101,Config::is_valid_api_key
FNF:6
FNDA:22,default_rate_limit
FNDA:22,default_cors_enabled
FNDA:0,Config::load
FNDA:9,Config::get_rest_api_key
FNDA:7,Config::get_all_api_keys
FNDA:3,Config::is_valid_api_key
DA:42,22
DA:43,22
DA:46,22
DA:47,22
DA:51,0
DA:52,0
DA:67,0
DA:70,0
DA:71,0
DA:72,0
DA:74,0
DA:76,0
DA:79,0
DA:83,9
DA:84,9
DA:86,17
DA:90,7
DA:91,42
DA:92,28
DA:95,7
DA:96,14
DA:97,7
DA:101,3
DA:102,9
LF:24
LH:15
end_of_record
TN:
SF:/home/jefft/sekha/workspace/sekha-controller/src/orchestrator/context_assembly.rs
FN:13,ContextAssembler::new
FN:18,ContextAssembler::assemble
FN:42,ContextAssembler::recall_candidates
FN:77,ContextAssembler::rank_candidates
FN:106,ContextAssembler::assemble_context
FN:136,ContextAssembler::enhance_context
FN:165,ContextAssembler::calculate_recency_score
FN:172,ContextAssembler::get_pinned_messages
FN:211,ContextAssembler::get_recent_labeled_messages
FN:260,ContextAssembler::fetch_message
FNF:10
FNDA:198,ContextAssembler::new
FNDA:9,ContextAssembler::assemble
FNDA:9,ContextAssembler::recall_candidates
FNDA:9,ContextAssembler::rank_candidates
FNDA:9,ContextAssembler::assemble_context
FNDA:9,ContextAssembler::enhance_context
FNDA:6,ContextAssembler::calculate_recency_score
FNDA:18,ContextAssembler::get_pinned_messages
FNDA:9,ContextAssembler::get_recent_labeled_messages
FNDA:12,ContextAssembler::fetch_message
DA:13,198
DA:18,9
DA:25,45
DA:28,27
DA:29,36
DA:30,9
DA:33,45
DA:36,36
DA:38,9
DA:42,9
DA:47,18
DA:50,36
DA:51,9
DA:52,0
DA:53,0
DA:54,0
DA:55,0
DA:56,0
DA:57,0
DA:58,0
DA:59,0
DA:64,27
DA:65,27
DA:68,27
DA:69,18
DA:70,9
DA:71,27
DA:73,9
DA:77,9
DA:83,21
DA:85,24
DA:88,24
DA:89,6
DA:91,0
DA:95,6
DA:96,6
DA:100,30
DA:102,9
DA:106,9
DA:111,18
DA:112,18
DA:113,18
DA:116,21
DA:117,6
DA:118,0
DA:122,24
DA:123,12
DA:125,12
DA:126,18
DA:127,6
DA:132,9
DA:136,9
DA:140,21
DA:142,18
DA:144,18
DA:145,6
DA:148,6
DA:151,12
DA:152,6
DA:153,6
DA:154,18
DA:158,12
DA:162,9
DA:165,6
DA:166,24
DA:167,12
DA:168,18
DA:172,18
DA:177,27
DA:178,36
DA:179,36
DA:180,18
DA:181,9
DA:183,18
DA:185,9
DA:186,0
DA:189,0
DA:190,0
DA:191,0
DA:192,0
DA:194,0
DA:195,0
DA:196,0
DA:197,0
DA:198,0
DA:199,0
DA:200,0
DA:201,0
DA:202,0
DA:207,9
DA:211,9
DA:219,18
DA:220,6
DA:223,12
DA:225,6
DA:227,9
DA:228,9
DA:229,15
DA:230,12
DA:231,6
DA:232,3
DA:234,9
DA:235,6
DA:237,9
DA:238,15
DA:239,15
DA:240,6
DA:241,3
DA:243,21
DA:244,18
DA:245,12
DA:246,12
DA:247,6
DA:248,12
DA:249,12
DA:250,6
DA:251,6
DA:257,3
DA:260,12
DA:263,24
DA:264,12
DA:265,6
DA:266,6
DA:268,12
DA:269,6
DA:270,6
DA:271,6
DA:272,6
DA:273,6
DA:274,6
DA:275,6
LF:131
LH:107
end_of_record
TN:
SF:/home/jefft/sekha/workspace/sekha-controller/src/orchestrator/importance_engine.rs
FN:13,ImportanceEngine::new
FN:20,ImportanceEngine::calculate_score
FN:42,ImportanceEngine::heuristic_score
FNF:3
FNDA:216,ImportanceEngine::new
FNDA:24,ImportanceEngine::calculate_score
FNDA:15,ImportanceEngine::heuristic_score
DA:13,216
DA:20,24
DA:22,17
DA:23,12
DA:24,6
DA:25,6
DA:26,9
DA:29,20
DA:32,14
DA:33,10
DA:34,15
DA:35,5
DA:36,8
DA:39,4
DA:42,15
DA:43,45
DA:46,21
DA:47,6
DA:51,21
DA:52,6
DA:56,21
DA:57,6
DA:61,45
DA:62,135
DA:63,141
DA:64,21
DA:68,30
LF:27
LH:27
end_of_record
TN:
SF:/home/jefft/sekha/workspace/sekha-controller/src/orchestrator/label_intelligence.rs
FN:12,LabelIntelligence::new
FN:19,LabelIntelligence::suggest_labels
FN:100,LabelIntelligence::auto_label
FN:124,LabelIntelligence::infer_folder
FNF:4
FNDA:198,LabelIntelligence::new
FNDA:12,LabelIntelligence::suggest_labels
FNDA:0,LabelIntelligence::auto_label
FNDA:0,LabelIntelligence::infer_folder
DA:12,198
DA:19,12
DA:24,33
DA:25,24
DA:26,12
DA:27,12
DA:28,15
DA:29,3
DA:32,27
DA:34,18
DA:35,3
DA:38,12
DA:40,24
DA:44,12
DA:45,18
DA:47,12
DA:53,18
DA:57,18
DA:58,12
DA:59,30
DA:60,6
DA:62,0
DA:63,6
DA:64,6
DA:66,12
DA:67,0
DA:69,6
DA:72,6
DA:77,18
DA:79,18
DA:80,18
DA:84,12
DA:86,12
DA:87,18
DA:89,6
DA:90,12
DA:91,6
DA:92,12
DA:97,6
DA:100,0
DA:105,0
DA:107,0
DA:108,0
DA:109,0
DA:111,0
DA:112,0
DA:113,0
DA:115,0
DA:117,0
DA:121,0
DA:124,0
DA:125,0
DA:126,0
DA:128,0
LF:54
LH:37
end_of_record
TN:
SF:/home/jefft/sekha/workspace/sekha-controller/src/orchestrator/mod.rs
FN:24,MemoryOrchestrator::new
FN:44,MemoryOrchestrator::assemble_context
FN:55,MemoryOrchestrator::score_message_importance
FN:59,MemoryOrchestrator::generate_daily_summary
FN:68,MemoryOrchestrator::suggest_pruning
FN:77,MemoryOrchestrator::suggest_labels
FNF:6
FNDA:198,MemoryOrchestrator::new
FNDA:9,MemoryOrchestrator::assemble_context
FNDA:0,MemoryOrchestrator::score_message_importance
FNDA:9,MemoryOrchestrator::generate_daily_summary
FNDA:18,MemoryOrchestrator::suggest_pruning
FNDA:12,MemoryOrchestrator::suggest_labels
DA:24,198
DA:29,396
DA:30,594
DA:31,396
DA:35,990
DA:36,990
DA:37,396
DA:44,9
DA:50,18
DA:51,36
DA:52,9
DA:55,0
DA:56,0
DA:59,9
DA:63,18
DA:64,18
DA:65,9
DA:68,18
DA:72,36
DA:73,36
DA:74,18
DA:77,12
DA:81,24
DA:82,24
DA:83,12
LF:25
LH:23
end_of_record
TN:
SF:/home/jefft/sekha/workspace/sekha-controller/src/orchestrator/pruning_engine.rs
FN:16,PruningEngine::new
FN:23,PruningEngine::generate_suggestions
FN:44,PruningEngine::find_pruning_candidates
FN:62,PruningEngine::generate_suggestion_for_conversation
FN:89,PruningEngine::generate_preview
FNF:5
FNDA:213,PruningEngine::new
FNDA:33,PruningEngine::generate_suggestions
FNDA:33,PruningEngine::find_pruning_candidates
FNDA:3,PruningEngine::generate_suggestion_for_conversation
FNDA:6,PruningEngine::generate_preview
DA:16,213
DA:23,33
DA:28,132
DA:30,99
DA:31,99
DA:32,33
DA:34,66
DA:36,39
DA:37,12
DA:38,9
DA:41,33
DA:44,33
DA:52,99
DA:53,165
DA:54,132
DA:55,66
DA:56,33
DA:57,33
DA:59,99
DA:62,3
DA:66,9
DA:67,6
DA:69,12
DA:72,3
DA:73,6
DA:74,3
DA:76,3
DA:77,3
DA:79,3
DA:86,3
DA:89,6
DA:90,9
DA:92,9
DA:94,3
DA:95,0
DA:96,0
DA:98,0
DA:103,6
DA:109,6
DA:112,9
DA:113,6
DA:114,15
DA:115,3
DA:116,3
DA:118,3
LF:45
LH:42
end_of_record
TN:
SF:/home/jefft/sekha/workspace/sekha-controller/src/orchestrator/summarizer.rs
FN:19,HierarchicalSummarizer::new
FN:26,HierarchicalSummarizer::generate_daily_summary
FN:71,HierarchicalSummarizer::generate_weekly_summary
FN:111,HierarchicalSummarizer::generate_monthly_summary
FN:151,HierarchicalSummarizer::fetch_messages_from_last_n_days
FN:179,HierarchicalSummarizer::fetch_summaries_from_last_n_days
FN:201,HierarchicalSummarizer::store_summary
FNF:7
FNDA:198,HierarchicalSummarizer::new
FNDA:15,HierarchicalSummarizer::generate_daily_summary
FNDA:6,HierarchicalSummarizer::generate_weekly_summary
FNDA:3,HierarchicalSummarizer::generate_monthly_summary
FNDA:12,HierarchicalSummarizer::fetch_messages_from_last_n_days
FNDA:9,HierarchicalSummarizer::fetch_summaries_from_last_n_days
FNDA:12,HierarchicalSummarizer::store_summary
DA:19,198
DA:26,15
DA:31,42
DA:32,30
DA:33,15
DA:34,15
DA:35,18
DA:36,3
DA:39,36
DA:40,24
DA:41,12
DA:43,24
DA:44,0
DA:47,36
DA:49,54
DA:53,36
DA:54,24
DA:55,48
DA:56,12
DA:58,0
DA:59,12
DA:60,12
DA:61,48
DA:66,72
DA:68,12
DA:71,6
DA:76,18
DA:77,12
DA:78,6
DA:79,6
DA:80,6
DA:81,0
DA:84,18
DA:85,18
DA:86,6
DA:88,12
DA:89,18
DA:92,0
DA:93,0
DA:94,0
DA:95,0
DA:97,0
DA:98,0
DA:99,0
DA:100,0
DA:104,0
DA:105,0
DA:106,0
DA:108,0
DA:111,3
DA:116,9
DA:117,6
DA:118,3
DA:119,3
DA:120,3
DA:121,0
DA:124,9
DA:125,9
DA:126,3
DA:128,6
DA:129,9
DA:132,0
DA:133,0
DA:134,0
DA:135,0
DA:137,0
DA:138,0
DA:139,0
DA:140,0
DA:144,0
DA:145,0
DA:146,0
DA:148,0
DA:151,12
DA:156,48
DA:158,36
DA:159,60
DA:160,60
DA:161,24
DA:162,12
DA:163,12
DA:165,12
DA:166,12
DA:167,12
DA:168,21
DA:169,21
DA:170,21
DA:171,21
DA:172,21
DA:173,21
DA:174,21
DA:176,12
DA:179,9
DA:188,36
DA:190,27
DA:191,45
DA:192,45
DA:193,45
DA:194,18
DA:195,9
DA:196,9
DA:198,36
DA:201,12
DA:210,36
DA:213,24
DA:214,24
DA:215,24
DA:216,24
DA:217,24
DA:218,12
DA:222,48
DA:224,0
DA:225,0
DA:228,0
DA:231,0
LF:115
LH:83
end_of_record
TN:
SF:/home/jefft/sekha/workspace/sekha-controller/src/services/embedding_queue.rs
FN:15,EmbeddingQueue::new
FN:43,EmbeddingQueue::enqueue
FN:53,<impl Default for EmbeddingQueue>::default
FNF:3
FNDA:12,EmbeddingQueue::new
FNDA:33,EmbeddingQueue::enqueue
FNDA:3,<impl Default for EmbeddingQueue>::default
DA:15,12
DA:16,36
DA:17,48
DA:19,108
DA:20,144
DA:21,60
DA:22,12
DA:24,48
DA:25,48
DA:26,24
DA:27,48
DA:28,24
DA:29,0
DA:32,48
DA:34,0
DA:43,33
DA:47,33
DA:48,11
DA:53,3
DA:54,3
LF:20
LH:18
end_of_record
TN:
SF:/home/jefft/sekha/workspace/sekha-controller/src/services/embedding_service.rs
FN:27,<impl From for EmbeddingError>::from
FN:41,EmbeddingService::new
FN:60,EmbeddingService::process_message_with_retry
FN:116,EmbeddingService::process_message
FN:161,EmbeddingService::generate_embedding
FN:189,EmbeddingService::search_messages
FNF:6
FNDA:0,<impl From for EmbeddingError>::from
FNDA:306,EmbeddingService::new
FNDA:0,EmbeddingService::process_message_with_retry
FNDA:0,EmbeddingService::process_message
FNDA:48,EmbeddingService::generate_embedding
FNDA:24,EmbeddingService::search_messages
DA:27,0
DA:28,0
DA:41,306
DA:42,918
DA:43,1224
DA:46,918
DA:49,612
DA:60,0
DA:67,0
DA:69,0
DA:70,0
DA:71,0
DA:72,0
DA:73,0
DA:76,0
DA:78,0
DA:81,0
DA:82,0
DA:83,0
DA:85,0
DA:86,0
DA:87,0
DA:88,0
DA:90,0
DA:93,0
DA:95,0
DA:96,0
DA:97,0
DA:98,0
DA:99,0
DA:101,0
DA:107,0
DA:108,0
DA:110,0
DA:112,0
DA:116,0
DA:123,0
DA:125,0
DA:128,0
DA:131,0
DA:132,0
DA:133,0
DA:134,0
DA:135,0
DA:139,0
DA:140,0
DA:141,0
DA:142,0
DA:144,0
DA:147,0
DA:148,0
DA:149,0
DA:150,0
DA:152,0
DA:154,0
DA:156,0
DA:161,48
DA:162,48
DA:163,120
DA:165,96
DA:167,48
DA:168,0
DA:172,72
DA:173,0
DA:174,18504
DA:175,0
DA:176,0
DA:181,0
DA:185,24
DA:189,24
DA:196,96
DA:199,48
DA:200,48
DA:201,96
DA:202,48
DA:204,0
LF:76
LH:19
end_of_record
TN:
SF:/home/jefft/sekha/workspace/sekha-controller/src/services/file_watcher.rs
FN:117,ImportWatcher::new
FN:125,ImportWatcher::watch
FN:194,ImportWatcher::ensure_directories
FN:204,ImportWatcher::process_existing_files
FN:236,ImportProcessor::new
FN:240,ImportProcessor::process_file
FN:279,ImportProcessor::parse_file
FN:330,ImportProcessor::parse_chatgpt_export
FN:376,ImportProcessor::traverse_chatgpt_tree
FN:416,ImportProcessor::parse_claude_export
FN:443,ImportProcessor::parse_claude_conversation
FN:487,ImportProcessor::parse_markdown_export
FN:542,ImportProcessor::parse_txt_export
FN:607,ImportProcessor::extract_xml_tag
FN:620,ImportProcessor::extract_claude_messages_xml
FN:651,ImportProcessor::import_conversation
FN:695,ImportProcessor::move_to_imported
FNF:17
FNDA:0,ImportWatcher::new
FNDA:0,ImportWatcher::watch
FNDA:0,ImportWatcher::ensure_directories
FNDA:0,ImportWatcher::process_existing_files
FNDA:62,ImportProcessor::new
FNDA:80,ImportProcessor::process_file
FNDA:60,ImportProcessor::parse_file
FNDA:42,ImportProcessor::parse_chatgpt_export
FNDA:84,ImportProcessor::traverse_chatgpt_tree
FNDA:0,ImportProcessor::parse_claude_export
FNDA:6,ImportProcessor::parse_claude_conversation
FNDA:4,ImportProcessor::parse_markdown_export
FNDA:5,ImportProcessor::parse_txt_export
FNDA:5,ImportProcessor::extract_xml_tag
FNDA:0,ImportProcessor::extract_claude_messages_xml
FNDA:72,ImportProcessor::import_conversation
FNDA:64,ImportProcessor::move_to_imported
DA:117,0
DA:120,0
DA:125,0
DA:127,0
DA:130,0
DA:133,0
DA:136,0
DA:137,0
DA:138,0
DA:141,0
DA:142,0
DA:143,0
DA:144,0
DA:145,0
DA:146,0
DA:147,0
DA:148,0
DA:149,0
DA:152,0
DA:158,0
DA:160,0
DA:162,0
DA:163,0
DA:164,0
DA:166,0
DA:169,0
DA:173,0
DA:177,0
DA:180,0
DA:181,0
DA:184,0
DA:186,0
DA:187,0
DA:191,0
DA:194,0
DA:195,0
DA:197,0
DA:198,0
DA:200,0
DA:201,0
DA:204,0
DA:205,0
DA:207,0
DA:208,0
DA:210,0
DA:211,0
DA:212,0
DA:213,0
DA:215,0
DA:216,0
DA:223,0
DA:236,62
DA:240,80
DA:241,20
DA:244,60
DA:245,20
DA:249,100
DA:251,16
DA:254,32
DA:255,52
DA:256,72
DA:257,18
DA:258,18
DA:259,18
DA:261,0
DA:262,0
DA:268,48
DA:270,16
DA:271,0
DA:273,0
DA:276,16
DA:279,60
DA:281,66
DA:282,6
DA:283,6
DA:284,6
DA:285,54
DA:286,6
DA:290,84
DA:291,30
DA:292,120
DA:296,48
DA:297,48
DA:299,0
DA:300,0
DA:304,30
DA:305,6
DA:306,6
DA:307,6
DA:308,6
DA:309,30
DA:310,6
DA:314,108
DA:315,3
DA:316,15
DA:317,15
DA:321,90
DA:322,3
DA:323,15
DA:324,15
DA:327,48
DA:330,42
DA:331,84
DA:332,42
DA:333,42
DA:336,84
DA:339,84
DA:340,42
DA:342,168
DA:343,126
DA:345,126
DA:346,168
DA:349,84
DA:350,42
DA:351,84
DA:352,84
DA:353,126
DA:354,42
DA:356,42
DA:358,84
DA:359,42
DA:360,84
DA:361,84
DA:362,126
DA:363,42
DA:365,42
DA:367,42
DA:368,84
DA:369,84
DA:370,84
DA:371,42
DA:372,42
DA:376,84
DA:382,252
DA:384,125
DA:385,82
DA:386,41
DA:387,123
DA:390,41
DA:391,82
DA:392,41
DA:393,82
DA:394,82
DA:395,123
DA:397,41
DA:399,123
DA:400,123
DA:401,41
DA:402,41
DA:410,207
DA:411,164
DA:416,0
DA:420,0
DA:423,0
DA:425,0
DA:426,0
DA:427,0
DA:429,0
DA:431,0
DA:432,0
DA:433,0
DA:434,0
DA:435,0
DA:436,0
DA:440,0
DA:443,6
DA:444,12
DA:445,6
DA:446,6
DA:448,18
DA:449,6
DA:451,18
DA:452,24
DA:453,12
DA:454,48
DA:455,36
DA:456,12
DA:458,12
DA:459,24
DA:460,12
DA:461,12
DA:466,12
DA:467,6
DA:468,24
DA:469,18
DA:470,6
DA:472,12
DA:473,6
DA:474,24
DA:475,18
DA:476,12
DA:478,6
DA:479,12
DA:480,12
DA:481,12
DA:482,6
DA:483,6
DA:487,4
DA:488,8
DA:489,8
DA:490,8
DA:492,32
DA:493,48
DA:495,4
DA:496,40
DA:497,28
DA:498,28
DA:501,9
DA:502,9
DA:503,9
DA:504,9
DA:505,3
DA:510,24
DA:511,6
DA:513,6
DA:515,12
DA:516,22
DA:517,32
DA:518,8
DA:523,11
DA:524,9
DA:525,6
DA:526,9
DA:527,3
DA:531,20
DA:533,4
DA:534,8
DA:535,8
DA:536,12
DA:537,8
DA:538,4
DA:542,5
DA:545,10
DA:546,10
DA:547,10
DA:549,19
DA:550,30
DA:551,3
DA:552,0
DA:553,0
DA:554,0
DA:555,0
DA:558,9
DA:559,6
DA:560,3
DA:561,3
DA:562,3
DA:563,3
DA:564,18
DA:565,6
DA:566,9
DA:567,9
DA:568,9
DA:569,3
DA:572,9
DA:573,6
DA:574,3
DA:575,3
DA:576,3
DA:577,3
DA:578,6
DA:579,0
DA:580,0
DA:585,8
DA:586,9
DA:587,6
DA:588,9
DA:589,3
DA:593,15
DA:595,5
DA:598,5
DA:599,10
DA:600,10
DA:601,15
DA:602,10
DA:603,5
DA:607,5
DA:608,15
DA:609,15
DA:611,13
DA:612,9
DA:613,15
DA:614,3
DA:617,2
DA:620,0
DA:621,0
DA:624,0
DA:626,0
DA:627,0
DA:628,0
DA:630,0
DA:631,0
DA:632,0
DA:634,0
DA:635,0
DA:638,0
DA:639,0
DA:640,0
DA:641,0
DA:642,0
DA:648,0
DA:651,72
DA:652,54
DA:653,18
DA:655,18
DA:656,21
DA:657,21
DA:658,21
DA:659,21
DA:660,42
DA:661,15
DA:662,4
DA:663,2
DA:665,63
DA:670,132
DA:673,18
DA:674,18
DA:675,18
DA:680,36
DA:681,18
DA:683,18
DA:684,18
DA:685,18
DA:689,36
DA:690,18
DA:691,18
DA:695,64
DA:696,80
DA:697,32
DA:699,64
DA:700,64
DA:701,96
DA:702,48
DA:704,48
DA:706,16
DA:708,16
LF:336
LH:242
end_of_record
TN:
SF:/home/jefft/sekha/workspace/sekha-controller/src/services/llm_bridge_client.rs
FN:24,LlmBridgeClient::new
FN:31,LlmBridgeClient::embed_text
FN:59,LlmBridgeClient::summarize
FN:91,LlmBridgeClient::score_importance
FN:121,LlmBridgeClient::list_models
FN:149,LlmBridgeClient::health_check
FNF:6
FNDA:276,LlmBridgeClient::new
FNDA:6,LlmBridgeClient::embed_text
FNDA:30,LlmBridgeClient::summarize
FNDA:21,LlmBridgeClient::score_importance
FNDA:0,LlmBridgeClient::list_models
FNDA:8,LlmBridgeClient::health_check
DA:24,276
DA:26,276
DA:31,6
DA:37,4
DA:38,4
DA:41,6
DA:42,4
DA:43,8
DA:44,6
DA:46,2
DA:48,2
DA:50,2
DA:51,3
DA:55,4
DA:56,1
DA:59,30
DA:68,60
DA:69,60
DA:70,60
DA:73,84
DA:74,60
DA:75,120
DA:76,90
DA:78,36
DA:80,24
DA:82,36
DA:83,54
DA:87,24
DA:88,6
DA:91,21
DA:98,14
DA:99,14
DA:100,14
DA:103,21
DA:104,14
DA:105,28
DA:106,21
DA:108,7
DA:110,7
DA:112,4
DA:113,6
DA:117,20
DA:118,5
DA:121,0
DA:122,0
DA:123,0
DA:124,0
DA:125,0
DA:126,0
DA:129,0
DA:131,0
DA:132,0
DA:145,0
DA:146,0
DA:149,8
DA:150,6
DA:151,4
DA:152,8
DA:154,2
DA:156,2
LF:60
LH:49
end_of_record
TN:
SF:/home/jefft/sekha/workspace/sekha-controller/src/storage/chroma_client.rs
FN:59,ChromaClient::new
FN:67,ChromaClient::ensure_collection
FN:93,ChromaClient::create_collection
FN:122,ChromaClient::upsert
FN:161,ChromaClient::query
FN:199,ChromaClient::delete
FN:226,ChromaClient::get_collection_id
FN:251,ChromaClient::parse_query_results
FN:287,ChromaClient::ping
FNF:9
FNDA:625,ChromaClient::new
FNDA:2,ChromaClient::ensure_collection
FNDA:2,ChromaClient::create_collection
FNDA:3,ChromaClient::upsert
FNDA:30,ChromaClient::query
FNDA:6,ChromaClient::delete
FNDA:72,ChromaClient::get_collection_id
FNDA:3,ChromaClient::parse_query_results
FNDA:6,ChromaClient::ping
DA:59,625
DA:61,1250
DA:62,625
DA:67,2
DA:68,3
DA:71,4
DA:72,2
DA:73,3
DA:75,1
DA:78,1
DA:80,3
DA:82,1
DA:83,1
DA:84,4
DA:86,0
DA:89,1
DA:93,2
DA:94,3
DA:96,2
DA:97,1
DA:98,1
DA:99,1
DA:100,1
DA:104,7
DA:106,1
DA:108,1
DA:109,1
DA:111,0
DA:112,0
DA:113,0
DA:114,0
DA:115,0
DA:122,3
DA:130,4
DA:131,2
DA:137,3
DA:138,2
DA:139,1
DA:140,2
DA:143,7
DA:145,1
DA:147,1
DA:148,1
DA:150,0
DA:151,0
DA:152,0
DA:153,0
DA:154,0
DA:161,30
DA:168,120
DA:169,6
DA:175,9
DA:178,12
DA:181,21
DA:183,3
DA:185,12
DA:186,9
DA:188,0
DA:189,0
DA:190,0
DA:191,0
DA:192,0
DA:199,6
DA:200,12
DA:201,6
DA:206,9
DA:208,21
DA:210,3
DA:212,3
DA:213,3
DA:215,0
DA:216,0
DA:217,0
DA:218,0
DA:219,0
DA:226,72
DA:227,108
DA:229,180
DA:231,12
DA:233,36
DA:234,9
DA:236,27
DA:237,9
DA:239,3
DA:240,0
DA:241,0
DA:242,0
DA:243,0
DA:244,0
DA:251,3
DA:255,6
DA:257,6
DA:258,6
DA:259,3
DA:261,3
DA:263,0
DA:266,9
DA:268,18
DA:269,30
DA:270,12
DA:271,18
DA:272,24
DA:274,6
DA:276,18
DA:277,18
DA:278,6
DA:279,6
DA:284,3
DA:287,6
DA:288,9
DA:289,15
DA:290,0
LF:112
LH:84
end_of_record
TN:
SF:/home/jefft/sekha/workspace/sekha-controller/src/storage/db.rs
FN:10,init_db
FN:117,get_connection
FNF:2
FNDA:610,init_db
FNDA:6,get_connection
DA:8,39
DA:10,610
DA:11,305
DA:14,610
DA:15,594
DA:16,297
DA:17,297
DA:18,16
DA:19,40
DA:20,24
DA:22,16
DA:23,8
DA:24,0
DA:25,0
DA:26,0
DA:30,8
DA:31,16
DA:32,8
DA:33,8
DA:36,16
DA:37,8
DA:38,8
DA:40,0
DA:43,915
DA:44,305
DA:45,305
DA:47,305
DA:50,305
DA:51,915
DA:53,915
DA:55,305
DA:58,305
DA:59,305
DA:62,610
DA:63,305
DA:64,610
DA:65,610
DA:66,610
DA:67,610
DA:68,305
DA:69,305
DA:72,5185
DA:73,6405
DA:74,2135
DA:77,915
DA:85,305
DA:87,2745
DA:88,8540
DA:89,4270
DA:90,4270
DA:92,2135
DA:95,0
DA:100,915
DA:108,305
DA:111,610
DA:112,610
DA:114,305
DA:117,6
DA:118,9
LF:59
LH:54
end_of_record
TN:
SF:/home/jefft/sekha/workspace/sekha-controller/src/storage/entities/conversations.rs
FN:58,<impl Related for Entity>::to
FNF:1
FNDA:0,<impl Related for Entity>::to
DA:40,0
DA:41,0
DA:46,0
DA:47,0
DA:52,0
DA:53,0
DA:58,0
DA:59,0
LF:8
LH:0
end_of_record
TN:
SF:/home/jefft/sekha/workspace/sekha-controller/src/storage/entities/hierarchical_summaries.rs
FN:38,<impl Related for Entity>::to
FNF:1
FNDA:0,<impl Related for Entity>::to
DA:38,0
DA:39,0
LF:2
LH:0
end_of_record
TN:
SF:/home/jefft/sekha/workspace/sekha-controller/src/storage/entities/knowledge_graph_edges.rs
FN:35,<impl Related for Entity>::to
FNF:1
FNDA:0,<impl Related for Entity>::to
DA:35,0
DA:36,0
LF:2
LH:0
end_of_record
TN:
SF:/home/jefft/sekha/workspace/sekha-controller/src/storage/entities/messages.rs
FN:39,<impl Related for Entity>::to
FNF:1
FNDA:0,<impl Related for Entity>::to
DA:39,0
DA:40,0
LF:2
LH:0
end_of_record
TN:
SF:/home/jefft/sekha/workspace/sekha-controller/src/storage/entities/semantic_tags.rs
FN:34,<impl Related for Entity>::to
FNF:1
FNDA:0,<impl Related for Entity>::to
DA:34,0
DA:35,0
LF:2
LH:0
end_of_record
TN:
SF:/home/jefft/sekha/workspace/sekha-controller/src/storage/repository.rs
FN:145,SeaOrmConversationRepository::new
FN:160,<impl ConversationRepository for SeaOrmConversationRepository>::get_db
FN:164,<impl ConversationRepository for SeaOrmConversationRepository>::create
FN:188,<impl ConversationRepository for SeaOrmConversationRepository>::create_with_messages
FN:246,<impl ConversationRepository for SeaOrmConversationRepository>::delete
FN:269,<impl ConversationRepository for SeaOrmConversationRepository>::count_by_label
FN:277,<impl ConversationRepository for SeaOrmConversationRepository>::find_by_id
FN:283,<impl ConversationRepository for SeaOrmConversationRepository>::find_message_by_id
FNF:8
FNDA:300,SeaOrmConversationRepository::new
FNDA:87,<impl ConversationRepository for SeaOrmConversationRepository>::get_db
FNDA:0,<impl ConversationRepository for SeaOrmConversationRepository>::create
FNDA:601,<impl ConversationRepository for SeaOrmConversationRepository>::create_with_messages
FNDA:7,<impl ConversationRepository for SeaOrmConversationRepository>::delete
FNDA:18,<impl ConversationRepository for SeaOrmConversationRepository>::count_by_label
FNDA:114,<impl ConversationRepository for SeaOrmConversationRepository>::find_by_id
FNDA:0,<impl ConversationRepository for SeaOrmConversationRepository>::find_message_by_id
DA:145,300
DA:160,87
DA:161,87
DA:164,0
DA:179,0
DA:180,0
DA:181,0
DA:188,601
DA:190,1360
DA:214,0
DA:215,0
DA:216,0
DA:235,0
DA:236,0
DA:237,0
DA:246,7
DA:269,18
DA:277,114
DA:283,0
DA:339,0
DA:349,6
DA:374,6
DA:375,6
DA:376,6
DA:377,6
DA:378,6
DA:379,6
DA:380,6
DA:431,6
DA:444,9
DA:448,0
DA:457,3
DA:461,0
DA:524,9
DA:526,36
DA:527,18
DA:528,18
DA:529,18
DA:530,18
DA:531,18
DA:532,9
DA:534,9
DA:536,36
DA:537,18
DA:538,18
DA:539,18
DA:540,18
DA:541,18
DA:542,9
DA:544,9
DA:547,9
DA:548,9
DA:549,9
DA:550,9
DA:551,9
DA:552,9
DA:553,9
DA:555,9
DA:556,9
DA:557,27
DA:610,0
DA:747,0
DA:752,0
DA:753,0
DA:755,0
DA:756,0
DA:757,0
DA:758,0
DA:759,0
DA:760,0
DA:761,0
DA:762,0
DA:763,0
DA:764,0
DA:767,0
DA:769,0
DA:770,0
DA:771,0
DA:772,0
DA:776,0
DA:779,0
DA:782,0
DA:783,0
DA:785,0
DA:790,0
DA:791,0
DA:792,0
DA:793,0
DA:794,0
DA:795,0
DA:796,0
DA:799,0
DA:800,0
DA:801,0
DA:805,0
DA:808,0
DA:811,0
DA:836,174
DA:838,348
DA:839,348
DA:840,348
DA:841,348
DA:842,348
DA:843,348
DA:844,348
DA:845,174
DA:846,174
DA:852,11
DA:854,22
DA:855,22
DA:856,22
DA:857,22
DA:858,22
DA:859,11
DA:860,11
DA:866,0
DA:867,0
LF:117
LH:64
end_of_record
